-------------------------------------------------------------------------------
Test set: TestSuite
-------------------------------------------------------------------------------
Tests run: 2, Failures: 1, Errors: 0, Skipped: 0, Time elapsed: 12.357 s <<< FAILURE! - in TestSuite
testFindMax2(testcases.testcase1)  Time elapsed: 2.325 s  <<< FAILURE!
java.lang.AssertionError: 
1 expectation failed.
Expected status code <501> but was <200>.

	at testcases.testcase1.testFindMax2(testcase1.java:16)

