<?xml version="1.0" encoding="UTF-8"?>
<testsuite xmlns:xsi="http://www.w3.org/2001/XMLSchema-instance" xsi:noNamespaceSchemaLocation="https://maven.apache.org/surefire/maven-surefire-plugin/xsd/surefire-test-report.xsd" name="TestSuite" time="12.357" tests="2" errors="0" skipped="0" failures="1">
  <properties>
[...]
</properties>
  <testcase name="testFindMax" classname="testcases.testcase1" time="0.536"/>
  <testcase name="testFindMax2" classname="testcases.testcase1" time="2.325">
    <failure message="1 expectation failed.&#10;Expected status code &lt;501&gt; but was &lt;200&gt;.&#10;" type="java.lang.AssertionError"><![CDATA[java.lang.AssertionError: 
1 expectation failed.
Expected status code <501> but was <200>.

	at testcases.testcase1.testFindMax2(testcase1.java:16)
]]></failure>
    <system-out><![CDATA[case2
09:42:40.391 [TestNG-tests-1] DEBUG org.apache.http.impl.conn.BasicClientConnectionManager - Get connection for route {s}->https://www.amazon.in:443
09:42:40.415 [TestNG-tests-1] DEBUG org.apache.http.impl.conn.DefaultClientConnectionOperator - Connecting to www.amazon.in:443
09:42:40.716 [TestNG-tests-1] DEBUG org.apache.http.client.protocol.RequestAddCookies - CookieSpec selected: ignoreCookies
09:42:40.717 [TestNG-tests-1] DEBUG org.apache.http.client.protocol.RequestAuthCache - Auth cache not set in the context
09:42:40.718 [TestNG-tests-1] DEBUG org.apache.http.client.protocol.RequestTargetAuthentication - Target auth state: UNCHALLENGED
09:42:40.718 [TestNG-tests-1] DEBUG org.apache.http.client.protocol.RequestProxyAuthentication - Proxy auth state: UNCHALLENGED
09:42:40.718 [TestNG-tests-1] DEBUG org.apache.http.impl.client.DefaultHttpClient - Attempt 1 to execute request
09:42:40.718 [TestNG-tests-1] DEBUG org.apache.http.impl.conn.DefaultClientConnection - Sending request: GET / HTTP/1.1
09:42:40.719 [TestNG-tests-1] DEBUG org.apache.http.wire -  >> "GET / HTTP/1.1[\r][\n]"
09:42:40.720 [TestNG-tests-1] DEBUG org.apache.http.wire -  >> "Accept: */*[\r][\n]"
09:42:40.720 [TestNG-tests-1] DEBUG org.apache.http.wire -  >> "Content-Length: 0[\r][\n]"
09:42:40.720 [TestNG-tests-1] DEBUG org.apache.http.wire -  >> "Host: www.amazon.in[\r][\n]"
09:42:40.720 [TestNG-tests-1] DEBUG org.apache.http.wire -  >> "Connection: Keep-Alive[\r][\n]"
09:42:40.720 [TestNG-tests-1] DEBUG org.apache.http.wire -  >> "User-Agent: Apache-HttpClient/4.5.12 (Java/11)[\r][\n]"
09:42:40.721 [TestNG-tests-1] DEBUG org.apache.http.wire -  >> "Accept-Encoding: gzip,deflate[\r][\n]"
09:42:40.721 [TestNG-tests-1] DEBUG org.apache.http.wire -  >> "[\r][\n]"
09:42:40.721 [TestNG-tests-1] DEBUG org.apache.http.headers - >> GET / HTTP/1.1
09:42:40.721 [TestNG-tests-1] DEBUG org.apache.http.headers - >> Accept: */*
09:42:40.721 [TestNG-tests-1] DEBUG org.apache.http.headers - >> Content-Length: 0
09:42:40.721 [TestNG-tests-1] DEBUG org.apache.http.headers - >> Host: www.amazon.in
09:42:40.721 [TestNG-tests-1] DEBUG org.apache.http.headers - >> Connection: Keep-Alive
09:42:40.721 [TestNG-tests-1] DEBUG org.apache.http.headers - >> User-Agent: Apache-HttpClient/4.5.12 (Java/11)
09:42:40.721 [TestNG-tests-1] DEBUG org.apache.http.headers - >> Accept-Encoding: gzip,deflate
09:42:40.900 [TestNG-tests-1] DEBUG org.apache.http.wire -  << "HTTP/1.1 200 [\r][\n]"
09:42:40.904 [TestNG-tests-1] DEBUG org.apache.http.wire -  << "Content-Type: text/html;charset=UTF-8[\r][\n]"
09:42:40.905 [TestNG-tests-1] DEBUG org.apache.http.wire -  << "Transfer-Encoding: chunked[\r][\n]"
09:42:40.905 [TestNG-tests-1] DEBUG org.apache.http.wire -  << "Connection: keep-alive[\r][\n]"
09:42:40.905 [TestNG-tests-1] DEBUG org.apache.http.wire -  << "Server: Server[\r][\n]"
09:42:40.905 [TestNG-tests-1] DEBUG org.apache.http.wire -  << "Date: Fri, 04 Jun 2021 09:42:40 GMT[\r][\n]"
09:42:40.905 [TestNG-tests-1] DEBUG org.apache.http.wire -  << "x-amz-rid: FWXDA2H6PJGEXVTWV8WK[\r][\n]"
09:42:40.905 [TestNG-tests-1] DEBUG org.apache.http.wire -  << "X-XSS-Protection: 1;[\r][\n]"
09:42:40.905 [TestNG-tests-1] DEBUG org.apache.http.wire -  << "Content-Encoding: gzip[\r][\n]"
09:42:40.906 [TestNG-tests-1] DEBUG org.apache.http.wire -  << "X-Content-Type-Options: nosniff[\r][\n]"
09:42:40.906 [TestNG-tests-1] DEBUG org.apache.http.wire -  << "Cache-Control: no-cache[\r][\n]"
09:42:40.906 [TestNG-tests-1] DEBUG org.apache.http.wire -  << "X-UA-Compatible: IE=edge[\r][\n]"
09:42:40.906 [TestNG-tests-1] DEBUG org.apache.http.wire -  << "Expires: -1[\r][\n]"
09:42:40.906 [TestNG-tests-1] DEBUG org.apache.http.wire -  << "Content-Language: en-IN[\r][\n]"
09:42:40.906 [TestNG-tests-1] DEBUG org.apache.http.wire -  << "Pragma: no-cache[\r][\n]"
09:42:40.906 [TestNG-tests-1] DEBUG org.apache.http.wire -  << "Accept-CH-Lifetime: 86400[\r][\n]"
09:42:40.906 [TestNG-tests-1] DEBUG org.apache.http.wire -  << "Accept-CH: ect,rtt,downlink[\r][\n]"
09:42:40.906 [TestNG-tests-1] DEBUG org.apache.http.wire -  << "Strict-Transport-Security: max-age=47474747; includeSubDomains; preload[\r][\n]"
09:42:40.906 [TestNG-tests-1] DEBUG org.apache.http.wire -  << "Vary: Content-Type,Accept-Encoding,X-Amzn-CDN-Cache,X-Amzn-AX-Treatment,User-Agent[\r][\n]"
09:42:40.906 [TestNG-tests-1] DEBUG org.apache.http.wire -  << "Cache-Control: no-transform[\r][\n]"
09:42:40.906 [TestNG-tests-1] DEBUG org.apache.http.wire -  << "X-Frame-Options: SAMEORIGIN[\r][\n]"
09:42:40.906 [TestNG-tests-1] DEBUG org.apache.http.wire -  << "Permissions-Policy: interest-cohort=()[\r][\n]"
09:42:40.906 [TestNG-tests-1] DEBUG org.apache.http.wire -  << "X-Cache: Miss from cloudfront[\r][\n]"
09:42:40.906 [TestNG-tests-1] DEBUG org.apache.http.wire -  << "Via: 1.1 7dda57f7e6978046952c757eba986c68.cloudfront.net (CloudFront)[\r][\n]"
09:42:40.906 [TestNG-tests-1] DEBUG org.apache.http.wire -  << "X-Amz-Cf-Pop: HYD50-C1[\r][\n]"
09:42:40.906 [TestNG-tests-1] DEBUG org.apache.http.wire -  << "X-Amz-Cf-Id: 3HJ8D-F3jo0CsF8w6kGuaitU-lr06AR-mMw1IzpLQZFV62XOwAuqDw==[\r][\n]"
09:42:40.906 [TestNG-tests-1] DEBUG org.apache.http.wire -  << "[\r][\n]"
09:42:40.907 [TestNG-tests-1] DEBUG org.apache.http.impl.conn.DefaultClientConnection - Receiving response: HTTP/1.1 200 
09:42:40.907 [TestNG-tests-1] DEBUG org.apache.http.headers - << HTTP/1.1 200 
09:42:40.907 [TestNG-tests-1] DEBUG org.apache.http.headers - << Content-Type: text/html;charset=UTF-8
09:42:40.907 [TestNG-tests-1] DEBUG org.apache.http.headers - << Transfer-Encoding: chunked
09:42:40.907 [TestNG-tests-1] DEBUG org.apache.http.headers - << Connection: keep-alive
09:42:40.907 [TestNG-tests-1] DEBUG org.apache.http.headers - << Server: Server
09:42:40.907 [TestNG-tests-1] DEBUG org.apache.http.headers - << Date: Fri, 04 Jun 2021 09:42:40 GMT
09:42:40.907 [TestNG-tests-1] DEBUG org.apache.http.headers - << x-amz-rid: FWXDA2H6PJGEXVTWV8WK
09:42:40.907 [TestNG-tests-1] DEBUG org.apache.http.headers - << X-XSS-Protection: 1;
09:42:40.907 [TestNG-tests-1] DEBUG org.apache.http.headers - << Content-Encoding: gzip
09:42:40.907 [TestNG-tests-1] DEBUG org.apache.http.headers - << X-Content-Type-Options: nosniff
09:42:40.907 [TestNG-tests-1] DEBUG org.apache.http.headers - << Cache-Control: no-cache
09:42:40.907 [TestNG-tests-1] DEBUG org.apache.http.headers - << X-UA-Compatible: IE=edge
09:42:40.907 [TestNG-tests-1] DEBUG org.apache.http.headers - << Expires: -1
09:42:40.907 [TestNG-tests-1] DEBUG org.apache.http.headers - << Content-Language: en-IN
09:42:40.907 [TestNG-tests-1] DEBUG org.apache.http.headers - << Pragma: no-cache
09:42:40.907 [TestNG-tests-1] DEBUG org.apache.http.headers - << Accept-CH-Lifetime: 86400
09:42:40.907 [TestNG-tests-1] DEBUG org.apache.http.headers - << Accept-CH: ect,rtt,downlink
09:42:40.907 [TestNG-tests-1] DEBUG org.apache.http.headers - << Strict-Transport-Security: max-age=47474747; includeSubDomains; preload
09:42:40.907 [TestNG-tests-1] DEBUG org.apache.http.headers - << Vary: Content-Type,Accept-Encoding,X-Amzn-CDN-Cache,X-Amzn-AX-Treatment,User-Agent
09:42:40.907 [TestNG-tests-1] DEBUG org.apache.http.headers - << Cache-Control: no-transform
09:42:40.907 [TestNG-tests-1] DEBUG org.apache.http.headers - << X-Frame-Options: SAMEORIGIN
09:42:40.907 [TestNG-tests-1] DEBUG org.apache.http.headers - << Permissions-Policy: interest-cohort=()
09:42:40.907 [TestNG-tests-1] DEBUG org.apache.http.headers - << X-Cache: Miss from cloudfront
09:42:40.907 [TestNG-tests-1] DEBUG org.apache.http.headers - << Via: 1.1 7dda57f7e6978046952c757eba986c68.cloudfront.net (CloudFront)
09:42:40.907 [TestNG-tests-1] DEBUG org.apache.http.headers - << X-Amz-Cf-Pop: HYD50-C1
09:42:40.907 [TestNG-tests-1] DEBUG org.apache.http.headers - << X-Amz-Cf-Id: 3HJ8D-F3jo0CsF8w6kGuaitU-lr06AR-mMw1IzpLQZFV62XOwAuqDw==
09:42:40.913 [TestNG-tests-1] DEBUG org.apache.http.impl.client.DefaultHttpClient - Connection can be kept alive indefinitely
09:42:40.941 [TestNG-tests-1] DEBUG io.restassured.internal.RequestSpecificationImpl$RestAssuredHttpBuilder - Parsing response as: text/html;charset=UTF-8
09:42:40.942 [TestNG-tests-1] DEBUG org.apache.http.wire -  << "a[\r][\n]"
09:42:40.942 [TestNG-tests-1] DEBUG org.apache.http.wire -  << "[0x1f]"
09:42:40.943 [TestNG-tests-1] DEBUG org.apache.http.wire -  << "[0x8b]"
09:42:40.943 [TestNG-tests-1] DEBUG org.apache.http.wire -  << "[0x8]"
09:42:40.943 [TestNG-tests-1] DEBUG org.apache.http.wire -  << "[0x0]"
09:42:40.944 [TestNG-tests-1] DEBUG org.apache.http.wire -  << "[0x0][0x0][0x0][0x0][0x0][0x3]"
09:42:40.944 [TestNG-tests-1] DEBUG io.restassured.internal.RequestSpecificationImpl$RestAssuredHttpBuilder - Parsed data to instance of: class org.apache.http.conn.EofSensorInputStream
09:42:41.036 [TestNG-tests-1] DEBUG com.cognizant.reportclient.plugins.clients.TestReportClient - [TestReportClient#insertOrUpdateTestPlan] ---> POST http://ec2-65-2-93-41.ap-south-1.compute.amazonaws.com:2023/api/reports/test/reports HTTP/1.1
09:42:41.036 [TestNG-tests-1] DEBUG com.cognizant.reportclient.plugins.clients.TestReportClient - [TestReportClient#insertOrUpdateTestPlan] Authorization: Bearer 71002369-520f-4dec-9bbb-eb460229d0b7
09:42:41.036 [TestNG-tests-1] DEBUG com.cognizant.reportclient.plugins.clients.TestReportClient - [TestReportClient#insertOrUpdateTestPlan] Content-Length: 6966
09:42:41.036 [TestNG-tests-1] DEBUG com.cognizant.reportclient.plugins.clients.TestReportClient - [TestReportClient#insertOrUpdateTestPlan] Content-Type: application/json
09:42:41.036 [TestNG-tests-1] DEBUG com.cognizant.reportclient.plugins.clients.TestReportClient - [TestReportClient#insertOrUpdateTestPlan] 
09:42:41.036 [TestNG-tests-1] DEBUG com.cognizant.reportclient.plugins.clients.TestReportClient - [TestReportClient#insertOrUpdateTestPlan] {
  "id" : "60b9f58ed0024b2cc71a6af1",
  "projectName" : "demo-401",
  "name" : "demoexec",
  "executionNumber" : 32,
  "toolName" : "testng",
  "startTime" : 1622799757617,
  "duration" : 0,
  "testSuitCount" : 1,
  "testCaseCount" : 2,
  "testSuites" : [ {
    "testCases" : [ {
      "name" : "testFindMax",
      "duration" : 14,
      "description" : "testFindMax",
      "startTime" : 1622799758630,
      "endTime" : 1622799758644,
      "result" : "PASSED",
      "uniqueId" : "testcases.testcase1.testFindMax",
      "parentId" : "testcases.testcase1",
      "attachments" : [ ],
      "remarks" : "",
      "exceptionStacktrace" : "",
      "logs" : [ ]
    }, {
      "name" : "testFindMax2",
      "duration" : 2327,
      "description" : "testFindMax2",
      "startTime" : 1622799758705,
      "endTime" : 1622799761032,
      "result" : "FAILED",
      "uniqueId" : "testcases.testcase1.testFindMax2",
      "parentId" : "testcases.testcase1",
      "attachments" : [ ],
      "remarks" : "1 expectation failed.\nExpected status code <501> but was <200>.\n",
      "exceptionStacktrace" : "java.lang.AssertionError: 1 expectation failed.\nExpected status code <501> but was <200>.\n\r\n\tat java.base/jdk.internal.reflect.NativeConstructorAccessorImpl.newInstance0(Native Method)\r\n\tat java.base/jdk.internal.reflect.NativeConstructorAccessorImpl.newInstance(NativeConstructorAccessorImpl.java:62)\r\n\tat java.base/jdk.internal.reflect.DelegatingConstructorAccessorImpl.newInstance(DelegatingConstructorAccessorImpl.java:45)\r\n\tat java.base/java.lang.reflect.Constructor.newInstance(Constructor.java:490)\r\n\tat org.codehaus.groovy.reflection.CachedConstructor.invoke(CachedConstructor.java:80)\r\n\tat org.codehaus.groovy.reflection.CachedConstructor.doConstructorInvoke(CachedConstructor.java:74)\r\n\tat org.codehaus.groovy.runtime.callsite.ConstructorSite$ConstructorSiteNoUnwrap.callConstructor(ConstructorSite.java:84)\r\n\tat org.codehaus.groovy.runtime.callsite.CallSiteArray.defaultCallConstructor(CallSiteArray.java:59)\r\n\tat org.codehaus.groovy.runtime.callsite.AbstractCallSite.callConstructor(AbstractCallSite.java:237)\r\n\tat org.codehaus.groovy.runtime.callsite.AbstractCallSite.callConstructor(AbstractCallSite.java:249)\r\n\tat io.restassured.internal.ResponseSpecificationImpl$HamcrestAssertionClosure.validate(ResponseSpecificationImpl.groovy:471)\r\n\tat io.restassured.internal.ResponseSpecificationImpl$HamcrestAssertionClosure$validate$1.call(Unknown Source)\r\n\tat org.codehaus.groovy.runtime.callsite.CallSiteArray.defaultCall(CallSiteArray.java:47)\r\n\tat org.codehaus.groovy.runtime.callsite.AbstractCallSite.call(AbstractCallSite.java:115)\r\n\tat org.codehaus.groovy.runtime.callsite.AbstractCallSite.call(AbstractCallSite.java:127)\r\n\tat io.restassured.internal.ResponseSpecificationImpl.validateResponseIfRequired(ResponseSpecificationImpl.groovy:636)\r\n\tat java.base/jdk.internal.reflect.NativeMethodAccessorImpl.invoke0(Native Method)\r\n\tat java.base/jdk.internal.reflect.NativeMethodAccessorImpl.invoke(NativeMethodAccessorImpl.java:62)\r\n\tat java.base/jdk.internal.reflect.DelegatingMethodAccessorImpl.invoke(DelegatingMethodAccessorImpl.java:43)\r\n\tat java.base/java.lang.reflect.Method.invoke(Method.java:566)\r\n\tat org.codehaus.groovy.runtime.callsite.PlainObjectMetaMethodSite.doInvoke(PlainObjectMetaMethodSite.java:43)\r\n\tat org.codehaus.groovy.runtime.callsite.PogoMetaMethodSite$PogoCachedMethodSiteNoUnwrapNoCoerce.invoke(PogoMetaMethodSite.java:190)\r\n\tat org.codehaus.groovy.runtime.callsite.PogoMetaMethodSite.callCurrent(PogoMetaMethodSite.java:58)\r\n\tat org.codehaus.groovy.runtime.callsite.CallSiteArray.defaultCallCurrent(CallSiteArray.java:51)\r\n\tat org.codehaus.groovy.runtime.callsite.AbstractCallSite.callCurrent(AbstractCallSite.java:156)\r\n\tat org.codehaus.groovy.runtime.callsite.AbstractCallSite.callCurrent(AbstractCallSite.java:168)\r\n\tat io.restassured.internal.ResponseSpecificationImpl.statusCode(ResponseSpecificationImpl.groovy:122)\r\n\tat io.restassured.specification.ResponseSpecification$statusCode$0.callCurrent(Unknown Source)\r\n\tat org.codehaus.groovy.runtime.callsite.CallSiteArray.defaultCallCurrent(CallSiteArray.java:51)\r\n\tat org.codehaus.groovy.runtime.callsite.AbstractCallSite.callCurrent(AbstractCallSite.java:156)\r\n\tat org.codehaus.groovy.runtime.callsite.AbstractCallSite.callCurrent(AbstractCallSite.java:168)\r\n\tat io.restassured.internal.ResponseSpecificationImpl.statusCode(ResponseSpecificationImpl.groovy:130)\r\n\tat io.restassured.internal.ValidatableResponseOptionsImpl.statusCode(ValidatableResponseOptionsImpl.java:117)\r\n\tat testcases.testcase1.testFindMax2(testcase1.java:16)\r\n\tat java.base/jdk.internal.reflect.NativeMethodAccessorImpl.invoke0(Native Method)\r\n\tat java.base/jdk.internal.reflect.NativeMethodAccessorImpl.invoke(NativeMethodAccessorImpl.java:62)\r\n\tat java.base/jdk.internal.reflect.DelegatingMethodAccessorImpl.invoke(DelegatingMethodAccessorImpl.java:43)\r\n\tat java.base/java.lang.reflect.Method.invoke(Method.java:566)\r\n\tat org.testng.internal.MethodInvocationHelper.invokeMethod(MethodInvocationHelper.java:134)\r\n\tat org.testng.internal.TestInvoker.invokeMethod(TestInvoker.java:597)\r\n\tat org.testng.internal.TestInvoker.invokeTestMethod(TestInvoker.java:173)\r\n\tat org.testng.internal.MethodRunner.runInSequence(MethodRunner.java:46)\r\n\tat org.testng.internal.TestInvoker$MethodInvocationAgent.invoke(TestInvoker.java:816)\r\n\tat org.testng.internal.TestInvoker.invokeTestMethods(TestInvoker.java:146)\r\n\tat org.testng.internal.TestMethodWorker.invokeTestMethods(TestMethodWorker.java:146)\r\n\tat org.testng.internal.TestMethodWorker.run(TestMethodWorker.java:128)\r\n\tat java.base/java.util.ArrayList.forEach(ArrayList.java:1540)\r\n\tat org.testng.TestRunner.privateRun(TestRunner.java:766)\r\n\tat org.testng.TestRunner.run(TestRunner.java:587)\r\n\tat org.testng.SuiteRunner.runTest(SuiteRunner.java:384)\r\n\tat org.testng.SuiteRunner.access$000(SuiteRunner.java:28)\r\n\tat org.testng.SuiteRunner$SuiteWorker.run(SuiteRunner.java:425)\r\n\tat org.testng.internal.thread.ThreadUtil.lambda$execute$0(ThreadUtil.java:68)\r\n\tat java.base/java.util.concurrent.FutureTask.run(FutureTask.java:264)\r\n\tat java.base/java.util.concurrent.ThreadPoolExecutor.runWorker(ThreadPoolExecutor.java:1128)\r\n\tat java.base/java.util.concurrent.ThreadPoolExecutor$Worker.run(ThreadPoolExecutor.java:628)\r\n\tat java.base/java.lang.Thread.run(Thread.java:834)\r\n",
      "logs" : [ ]
    } ],
    "packageName" : "org.testng",
    "name" : "testcases.testcase1",
    "result" : "IN_QUEUE",
    "startTime" : 1622799758576,
    "duration" : 0,
    "testsCount" : 2,
    "failed" : 1,
    "passed" : 1,
    "skipped" : 0,
    "uniqueId" : "testcases.testcase1"
  } ],
  "failed" : 1,
  "passed" : 1,
  "skipped" : 0
}
09:42:41.061 [TestNG-tests-1] DEBUG com.cognizant.reportclient.plugins.clients.TestReportClient - [TestReportClient#insertOrUpdateTestPlan] ---> END HTTP (6966-byte body)
09:42:41.078 [TestNG-tests-1] DEBUG com.cognizant.reportclient.plugins.clients.TestReportClient - [TestReportClient#insertOrUpdateTestPlan] <--- HTTP/1.1 200 (16ms)
09:42:41.078 [TestNG-tests-1] DEBUG com.cognizant.reportclient.plugins.clients.TestReportClient - [TestReportClient#insertOrUpdateTestPlan] access-control-allow-credentials: true
09:42:41.078 [TestNG-tests-1] DEBUG com.cognizant.reportclient.plugins.clients.TestReportClient - [TestReportClient#insertOrUpdateTestPlan] access-control-allow-headers: Authorization,DNT,X-CustomHeader,Keep-Alive,User-Agent,X-Requested-With,If-Modified-Since,Cache-Control,Content-Type
09:42:41.078 [TestNG-tests-1] DEBUG com.cognizant.reportclient.plugins.clients.TestReportClient - [TestReportClient#insertOrUpdateTestPlan] access-control-allow-methods: GET, POST,PUT, DELETE,OPTIONS
09:42:41.078 [TestNG-tests-1] DEBUG com.cognizant.reportclient.plugins.clients.TestReportClient - [TestReportClient#insertOrUpdateTestPlan] access-control-allow-origin: *
09:42:41.078 [TestNG-tests-1] DEBUG com.cognizant.reportclient.plugins.clients.TestReportClient - [TestReportClient#insertOrUpdateTestPlan] cache-control: no-cache, no-store, max-age=0, must-revalidate
09:42:41.078 [TestNG-tests-1] DEBUG com.cognizant.reportclient.plugins.clients.TestReportClient - [TestReportClient#insertOrUpdateTestPlan] connection: close
09:42:41.078 [TestNG-tests-1] DEBUG com.cognizant.reportclient.plugins.clients.TestReportClient - [TestReportClient#insertOrUpdateTestPlan] content-type: application/json
09:42:41.078 [TestNG-tests-1] DEBUG com.cognizant.reportclient.plugins.clients.TestReportClient - [TestReportClient#insertOrUpdateTestPlan] date: Fri, 04 Jun 2021 09:42:41 GMT
09:42:41.078 [TestNG-tests-1] DEBUG com.cognizant.reportclient.plugins.clients.TestReportClient - [TestReportClient#insertOrUpdateTestPlan] expires: 0
09:42:41.078 [TestNG-tests-1] DEBUG com.cognizant.reportclient.plugins.clients.TestReportClient - [TestReportClient#insertOrUpdateTestPlan] pragma: no-cache
09:42:41.079 [TestNG-tests-1] DEBUG com.cognizant.reportclient.plugins.clients.TestReportClient - [TestReportClient#insertOrUpdateTestPlan] server: nginx
09:42:41.079 [TestNG-tests-1] DEBUG com.cognizant.reportclient.plugins.clients.TestReportClient - [TestReportClient#insertOrUpdateTestPlan] vary: Access-Control-Request-Headers
09:42:41.079 [TestNG-tests-1] DEBUG com.cognizant.reportclient.plugins.clients.TestReportClient - [TestReportClient#insertOrUpdateTestPlan] vary: Access-Control-Request-Method
09:42:41.079 [TestNG-tests-1] DEBUG com.cognizant.reportclient.plugins.clients.TestReportClient - [TestReportClient#insertOrUpdateTestPlan] vary: Origin
09:42:41.079 [TestNG-tests-1] DEBUG com.cognizant.reportclient.plugins.clients.TestReportClient - [TestReportClient#insertOrUpdateTestPlan] x-content-type-options: nosniff
09:42:41.079 [TestNG-tests-1] DEBUG com.cognizant.reportclient.plugins.clients.TestReportClient - [TestReportClient#insertOrUpdateTestPlan] x-frame-options: DENY
09:42:41.079 [TestNG-tests-1] DEBUG com.cognizant.reportclient.plugins.clients.TestReportClient - [TestReportClient#insertOrUpdateTestPlan] x-xss-protection: 1; mode=block
09:42:41.079 [TestNG-tests-1] DEBUG com.cognizant.reportclient.plugins.clients.TestReportClient - [TestReportClient#insertOrUpdateTestPlan] 
09:42:41.079 [TestNG-tests-1] DEBUG com.cognizant.reportclient.plugins.clients.TestReportClient - [TestReportClient#insertOrUpdateTestPlan] {"id":"60b9f58ed0024b2cc71a6af1","projectName":"demo-401","name":"demoexec","executionNumber":32,"description":null,"toolName":"testng","startTime":"2021-06-04T09:42:37.617+0000","endTime":null,"duration":0,"userName":"leap admin@auth-api-system.com","testSuitCount":1,"testCaseCount":2,"testSuites":[{"testCases":[{"name":"testFindMax","duration":14,"description":"testFindMax","startTime":"2021-06-04T09:42:38.630+0000","endTime":"2021-06-04T09:42:38.644+0000","steps":null,"result":"PASSED","uniqueId":"testcases.testcase1.testFindMax","parentId":"testcases.testcase1","attachments":[],"remarks":"","exceptionStacktrace":"","logs":[],"prediction":null},{"name":"testFindMax2","duration":2327,"description":"testFindMax2","startTime":"2021-06-04T09:42:38.705+0000","endTime":"2021-06-04T09:42:41.032+0000","steps":null,"result":"FAILED","uniqueId":"testcases.testcase1.testFindMax2","parentId":"testcases.testcase1","attachments":[],"remarks":"1 expectation failed.\nExpected status code <501> but was <200>.\n","exceptionStacktrace":"java.lang.AssertionError: 1 expectation failed.\nExpected status code <501> but was <200>.\n\r\n\tat java.base/jdk.internal.reflect.NativeConstructorAccessorImpl.newInstance0(Native Method)\r\n\tat java.base/jdk.internal.reflect.NativeConstructorAccessorImpl.newInstance(NativeConstructorAccessorImpl.java:62)\r\n\tat java.base/jdk.internal.reflect.DelegatingConstructorAccessorImpl.newInstance(DelegatingConstructorAccessorImpl.java:45)\r\n\tat java.base/java.lang.reflect.Constructor.newInstance(Constructor.java:490)\r\n\tat org.codehaus.groovy.reflection.CachedConstructor.invoke(CachedConstructor.java:80)\r\n\tat org.codehaus.groovy.reflection.CachedConstructor.doConstructorInvoke(CachedConstructor.java:74)\r\n\tat org.codehaus.groovy.runtime.callsite.ConstructorSite$ConstructorSiteNoUnwrap.callConstructor(ConstructorSite.java:84)\r\n\tat org.codehaus.groovy.runtime.callsite.CallSiteArray.defaultCallConstructor(CallSiteArray.java:59)\r\n\tat org.codehaus.groovy.runtime.callsite.AbstractCallSite.callConstructor(AbstractCallSite.java:237)\r\n\tat org.codehaus.groovy.runtime.callsite.AbstractCallSite.callConstructor(AbstractCallSite.java:249)\r\n\tat io.restassured.internal.ResponseSpecificationImpl$HamcrestAssertionClosure.validate(ResponseSpecificationImpl.groovy:471)\r\n\tat io.restassured.internal.ResponseSpecificationImpl$HamcrestAssertionClosure$validate$1.call(Unknown Source)\r\n\tat org.codehaus.groovy.runtime.callsite.CallSiteArray.defaultCall(CallSiteArray.java:47)\r\n\tat org.codehaus.groovy.runtime.callsite.AbstractCallSite.call(AbstractCallSite.java:115)\r\n\tat org.codehaus.groovy.runtime.callsite.AbstractCallSite.call(AbstractCallSite.java:127)\r\n\tat io.restassured.internal.ResponseSpecificationImpl.validateResponseIfRequired(ResponseSpecificationImpl.groovy:636)\r\n\tat java.base/jdk.internal.reflect.NativeMethodAccessorImpl.invoke0(Native Method)\r\n\tat java.base/jdk.internal.reflect.NativeMethodAccessorImpl.invoke(NativeMethodAccessorImpl.java:62)\r\n\tat java.base/jdk.internal.reflect.DelegatingMethodAccessorImpl.invoke(DelegatingMethodAccessorImpl.java:43)\r\n\tat java.base/java.lang.reflect.Method.invoke(Method.java:566)\r\n\tat org.codehaus.groovy.runtime.callsite.PlainObjectMetaMethodSite.doInvoke(PlainObjectMetaMethodSite.java:43)\r\n\tat org.codehaus.groovy.runtime.callsite.PogoMetaMethodSite$PogoCachedMethodSiteNoUnwrapNoCoerce.invoke(PogoMetaMethodSite.java:190)\r\n\tat org.codehaus.groovy.runtime.callsite.PogoMetaMethodSite.callCurrent(PogoMetaMethodSite.java:58)\r\n\tat org.codehaus.groovy.runtime.callsite.CallSiteArray.defaultCallCurrent(CallSiteArray.java:51)\r\n\tat org.codehaus.groovy.runtime.callsite.AbstractCallSite.callCurrent(AbstractCallSite.java:156)\r\n\tat org.codehaus.groovy.runtime.callsite.AbstractCallSite.callCurrent(AbstractCallSite.java:168)\r\n\tat io.restassured.internal.ResponseSpecificationImpl.statusCode(ResponseSpecificationImpl.groovy:122)\r\n\tat io.restassured.specification.ResponseSpecification$statusCode$0.callCurrent(Unknown Source)\r\n\tat org.codehaus.groovy.runtime.callsite.CallSiteArray.defaultCallCurrent(CallSiteArray.java:51)\r\n\tat org.codehaus.groovy.runtime.callsite.AbstractCallSite.callCurrent(AbstractCallSite.java:156)\r\n\tat org.codehaus.groovy.runtime.callsite.AbstractCallSite.callCurrent(AbstractCallSite.java:168)\r\n\tat io.restassured.internal.ResponseSpecificationImpl.statusCode(ResponseSpecificationImpl.groovy:130)\r\n\tat io.restassured.internal.ValidatableResponseOptionsImpl.statusCode(ValidatableResponseOptionsImpl.java:117)\r\n\tat testcases.testcase1.testFindMax2(testcase1.java:16)\r\n\tat java.base/jdk.internal.reflect.NativeMethodAccessorImpl.invoke0(Native Method)\r\n\tat java.base/jdk.internal.reflect.NativeMethodAccessorImpl.invoke(NativeMethodAccessorImpl.java:62)\r\n\tat java.base/jdk.internal.reflect.DelegatingMethodAccessorImpl.invoke(DelegatingMethodAccessorImpl.java:43)\r\n\tat java.base/java.lang.reflect.Method.invoke(Method.java:566)\r\n\tat org.testng.internal.MethodInvocationHelper.invokeMethod(MethodInvocationHelper.java:134)\r\n\tat org.testng.internal.TestInvoker.invokeMethod(TestInvoker.java:597)\r\n\tat org.testng.internal.TestInvoker.invokeTestMethod(TestInvoker.java:173)\r\n\tat org.testng.internal.MethodRunner.runInSequence(MethodRunner.java:46)\r\n\tat org.testng.internal.TestInvoker$MethodInvocationAgent.invoke(TestInvoker.java:816)\r\n\tat org.testng.internal.TestInvoker.invokeTestMethods(TestInvoker.java:146)\r\n\tat org.testng.internal.TestMethodWorker.invokeTestMethods(TestMethodWorker.java:146)\r\n\tat org.testng.internal.TestMethodWorker.run(TestMethodWorker.java:128)\r\n\tat java.base/java.util.ArrayList.forEach(ArrayList.java:1540)\r\n\tat org.testng.TestRunner.privateRun(TestRunner.java:766)\r\n\tat org.testng.TestRunner.run(TestRunner.java:587)\r\n\tat org.testng.SuiteRunner.runTest(SuiteRunner.java:384)\r\n\tat org.testng.SuiteRunner.access$000(SuiteRunner.java:28)\r\n\tat org.testng.SuiteRunner$SuiteWorker.run(SuiteRunner.java:425)\r\n\tat org.testng.internal.thread.ThreadUtil.lambda$execute$0(ThreadUtil.java:68)\r\n\tat java.base/java.util.concurrent.FutureTask.run(FutureTask.java:264)\r\n\tat java.base/java.util.concurrent.ThreadPoolExecutor.runWorker(ThreadPoolExecutor.java:1128)\r\n\tat java.base/java.util.concurrent.ThreadPoolExecutor$Worker.run(ThreadPoolExecutor.java:628)\r\n\tat java.base/java.lang.Thread.run(Thread.java:834)\r\n","logs":[],"prediction":null}],"packageName":"org.testng","name":"testcases.testcase1","result":"IN_QUEUE","description":null,"startTime":"2021-06-04T09:42:38.576+0000","endTime":null,"duration":0,"testsCount":2,"failed":1,"passed":1,"skipped":0,"uniqueId":"testcases.testcase1","parentId":null,"remarks":null,"logs":null}],"failed":1,"passed":1,"skipped":0,"logs":null,"isPredictionDone":false}
09:42:41.083 [TestNG-tests-1] DEBUG com.cognizant.reportclient.plugins.clients.TestReportClient - [TestReportClient#insertOrUpdateTestPlan] <--- END HTTP (6889-byte body)
]]></system-out>
  </testcase>
</testsuite>